Using pre-set license
Built from '2020.3/release' branch; Version is '2020.3.12f1 (b3b2c6512326) revision 11776710'; Using compiler version '192528614'; Build Type 'Release'
OS: 'Windows 10 Pro; OS build 19043.1237; Version 2009; 64bit' Language: 'ru' Physical Memory: 16348 MB
BatchMode: 1, IsHumanControllingUs: 0, StartBugReporterOnCrash: 0, Is64bit: 1, IsPro: 0

 COMMAND LINE ARGUMENTS:
D:\Unity\2020.3.12f1\Editor\Unity.exe
-adb2
-batchMode
-noUpm
-name
AssetImportWorker0
-projectPath
D:/UnityWork/TestingTaskJunior
-logFile
Logs/AssetImportWorker0.log
-srvPort
50818
Successfully changed project path to: D:/UnityWork/TestingTaskJunior
D:/UnityWork/TestingTaskJunior
Using Asset Import Pipeline V2.
Refreshing native plugins compatible for Editor in 50.86 ms, found 3 plugins.
Preloading 0 native plugins for Editor in 0.00 ms.
Initialize engine version: 2020.3.12f1 (b3b2c6512326)
[Subsystems] Discovering subsystems at path D:/Unity/2020.3.12f1/Editor/Data/Resources/UnitySubsystems
[Subsystems] Discovering subsystems at path D:/UnityWork/TestingTaskJunior/Assets
GfxDevice: creating device client; threaded=0
Direct3D:
    Version:  Direct3D 11.0 [level 11.1]
    Renderer: NVIDIA GeForce GTX 1050 Ti (ID=0x1c82)
    Vendor:   
    VRAM:     4018 MB
    Driver:   30.0.14.7168
Initialize mono
Mono path[0] = 'D:/Unity/2020.3.12f1/Editor/Data/Managed'
Mono path[1] = 'D:/Unity/2020.3.12f1/Editor/Data/MonoBleedingEdge/lib/mono/unityjit'
Mono config path = 'D:/Unity/2020.3.12f1/Editor/Data/MonoBleedingEdge/etc'
Using monoOptions --debugger-agent=transport=dt_socket,embedding=1,server=y,suspend=n,address=127.0.0.1:56988
Begin MonoManager ReloadAssembly
Registering precompiled unity dll's ...
Register platform support module: D:/Unity/2020.3.12f1/Editor/Data/PlaybackEngines/WebGLSupport/UnityEditor.WebGL.Extensions.dll
Register platform support module: D:/Unity/2020.3.12f1/Editor/Data/PlaybackEngines/WindowsStandaloneSupport/UnityEditor.WindowsStandalone.Extensions.dll
Registered in 0.005725 seconds.
Native extension for WindowsStandalone target not found
Native extension for WebGL target not found
Refreshing native plugins compatible for Editor in 46.19 ms, found 3 plugins.
Preloading 0 native plugins for Editor in 0.00 ms.
Mono: successfully reloaded assembly
- Completed reload, in  3.182 seconds
Platform modules already initialized, skipping
Registering precompiled user dll's ...
Registered in 0.007821 seconds.
Begin MonoManager ReloadAssembly
Native extension for WindowsStandalone target not found
Native extension for WebGL target not found
Refreshing native plugins compatible for Editor in 54.40 ms, found 3 plugins.
Preloading 0 native plugins for Editor in 0.00 ms.
Mono: successfully reloaded assembly
- Completed reload, in  1.527 seconds
Platform modules already initialized, skipping
========================================================================
Worker process is ready to serve import requests
Launched and connected shader compiler UnityShaderCompiler.exe after 0.12 seconds
Refreshing native plugins compatible for Editor in 0.44 ms, found 3 plugins.
Preloading 0 native plugins for Editor in 0.00 ms.
Unloading 2080 Unused Serialized files (Serialized files now loaded: 0)
System memory in use before: 92.9 MB.
System memory in use after: 92.8 MB.

Unloading 33 unused Assets to reduce memory usage. Loaded Objects now: 2513.
Total: 2.805200 ms (FindLiveObjects: 0.247500 ms CreateObjectMapping: 0.147100 ms MarkObjects: 2.258700 ms  DeleteObjects: 0.150000 ms)

AssetImportParameters requested are different than current active one (requested -> active):
  custom:framework-win-MediaFoundation: 216162199b28c13a410421893ffa2e32 -> 
  custom:video-decoder-ogg-theora: a1e56fd34408186e4bbccfd4996cb3dc -> 
  custom:container-muxer-webm: aa71ff27fc2769a1b78a27578f13a17b -> 
  custom:container-demuxer-webm: 4f35f7cbe854078d1ac9338744f61a02 -> 
  custom:container-demuxer-ogg: 62fdf1f143b41e24485cea50d1cbac27 -> 
  custom:video-encoder-webm-vp8: eb34c28f22e8b96e1ab97ce403110664 -> 
  custom:video-decoder-webm-vp8: 9c59270c3fd7afecdb556c50c9e8de78 -> 
  custom:audio-decoder-ogg-vorbis: bf7c407c2cedff20999df2af8eb42d56 -> 
  custom:audio-encoder-webm-vorbis: bf7c407c2cedff20999df2af8eb42d56 -> 
========================================================================
Received Import Request.
  path: Assets/Scenes/SampleScene.unity
  artifactKey: Guid(2cda990e2423bbf4892e6590ba056729) Importer(815301076,1909f56bfc062723c751e8b465ee728b)
Start importing Assets/Scenes/SampleScene.unity using Guid(2cda990e2423bbf4892e6590ba056729) Importer(815301076,1909f56bfc062723c751e8b465ee728b)  -> (artifact id: 'aa27944bdea339c97c39027c7eea529c') in 0.043145 seconds 
  Import took 0.115812 seconds .

========================================================================
Received Import Request.
  Time since last request: 0.000447 seconds.
  path: Assets/Scenes
  artifactKey: Guid(da0640ffee1d1a44bb58da5d793a6550) Importer(815301076,1909f56bfc062723c751e8b465ee728b)
Start importing Assets/Scenes using Guid(da0640ffee1d1a44bb58da5d793a6550) Importer(815301076,1909f56bfc062723c751e8b465ee728b)  -> (artifact id: '2a8c2fe6962df9eca1a821b3e58108c3') in 0.012103 seconds 
  Import took 0.039331 seconds .

========================================================================
Received Import Request.
  Time since last request: 14.944674 seconds.
  path: Assets/ResourcesTestingTaskJunior
  artifactKey: Guid(026f0bf94e6be0a42a1464cbac052a23) Importer(815301076,1909f56bfc062723c751e8b465ee728b)
Start importing Assets/ResourcesTestingTaskJunior using Guid(026f0bf94e6be0a42a1464cbac052a23) Importer(815301076,1909f56bfc062723c751e8b465ee728b)  -> (artifact id: '8888d7aff2616bb6d2aec9b6697ac4f8') in 0.010801 seconds 
  Import took 0.034200 seconds .

========================================================================
Received Import Request.
  Time since last request: 0.066601 seconds.
  path: Assets/ResourcesTestingTaskJunior/au19_bg_0_0_d.png
  artifactKey: Guid(3b59ec48b7a185b4ba6d2d1b39090236) Importer(815301076,1909f56bfc062723c751e8b465ee728b)
Start importing Assets/ResourcesTestingTaskJunior/au19_bg_0_0_d.png using Guid(3b59ec48b7a185b4ba6d2d1b39090236) Importer(815301076,1909f56bfc062723c751e8b465ee728b)  -> (artifact id: '8b450265559fc3971a473bb6c54b7260') in 0.297483 seconds 
  Import took 0.310694 seconds .

========================================================================
Received Import Request.
  Time since last request: 0.000327 seconds.
  path: Assets/ResourcesTestingTaskJunior/au19_bg_0_4_d.png
  artifactKey: Guid(de4b9eb5ce1632b4594934d581b07b5d) Importer(815301076,1909f56bfc062723c751e8b465ee728b)
Start importing Assets/ResourcesTestingTaskJunior/au19_bg_0_4_d.png using Guid(de4b9eb5ce1632b4594934d581b07b5d) Importer(815301076,1909f56bfc062723c751e8b465ee728b)  -> (artifact id: '2559742c44859e15b19393cdac19c2d5') in 0.028459 seconds 
  Import took 0.033861 seconds .

========================================================================
Received Import Request.
  Time since last request: 0.000431 seconds.
  path: Assets/ResourcesTestingTaskJunior/au19_bg_0_3_d.png
  artifactKey: Guid(6ce6705124bbe524e93f42d03d5318df) Importer(815301076,1909f56bfc062723c751e8b465ee728b)
Start importing Assets/ResourcesTestingTaskJunior/au19_bg_0_3_d.png using Guid(6ce6705124bbe524e93f42d03d5318df) Importer(815301076,1909f56bfc062723c751e8b465ee728b)  -> (artifact id: 'ff855d61cdc29aee8f1c3a43a7cb9d38') in 0.032382 seconds 
  Import took 0.036576 seconds .

========================================================================
Received Import Request.
  Time since last request: 0.000275 seconds.
  path: Assets/ResourcesTestingTaskJunior/au19_bg_0_6_d.png
  artifactKey: Guid(c10ff98c4d127a5489e9390bc18f533d) Importer(815301076,1909f56bfc062723c751e8b465ee728b)
Start importing Assets/ResourcesTestingTaskJunior/au19_bg_0_6_d.png using Guid(c10ff98c4d127a5489e9390bc18f533d) Importer(815301076,1909f56bfc062723c751e8b465ee728b)  -> (artifact id: 'd9b935718a20cd7e65d5f77e8b01dedb') in 0.027182 seconds 
  Import took 0.038470 seconds .

========================================================================
Received Import Request.
  Time since last request: 0.000268 seconds.
  path: Assets/ResourcesTestingTaskJunior/au19_bg_1_5_d.png
  artifactKey: Guid(814a5ff8de0f25d449878ea8ceb1791c) Importer(815301076,1909f56bfc062723c751e8b465ee728b)
Start importing Assets/ResourcesTestingTaskJunior/au19_bg_1_5_d.png using Guid(814a5ff8de0f25d449878ea8ceb1791c) Importer(815301076,1909f56bfc062723c751e8b465ee728b)  -> (artifact id: '91d3f5959e3c6537ce814db6dc0977e5') in 0.025986 seconds 
  Import took 0.031692 seconds .

========================================================================
Received Import Request.
  Time since last request: 0.000260 seconds.
  path: Assets/ResourcesTestingTaskJunior/au19_bg_2_4_d.png
  artifactKey: Guid(3a65544e69b3a47459586f91c0fd9a80) Importer(815301076,1909f56bfc062723c751e8b465ee728b)
Start importing Assets/ResourcesTestingTaskJunior/au19_bg_2_4_d.png using Guid(3a65544e69b3a47459586f91c0fd9a80) Importer(815301076,1909f56bfc062723c751e8b465ee728b)  -> (artifact id: '0bfb57af09c80d52bb6ebe3569521931') in 0.040634 seconds 
  Import took 0.046234 seconds .

========================================================================
Received Import Request.
  Time since last request: 0.000220 seconds.
  path: Assets/ResourcesTestingTaskJunior/au19_bg_1_8_d.png
  artifactKey: Guid(dcad39540421e574bb5b5f49f44866ac) Importer(815301076,1909f56bfc062723c751e8b465ee728b)
Start importing Assets/ResourcesTestingTaskJunior/au19_bg_1_8_d.png using Guid(dcad39540421e574bb5b5f49f44866ac) Importer(815301076,1909f56bfc062723c751e8b465ee728b)  -> (artifact id: '2722de9bacfeab0e78e63dfe62f42fbf') in 0.040465 seconds 
  Import took 0.047741 seconds .

========================================================================
Received Import Request.
  Time since last request: 0.001419 seconds.
  path: Assets/ResourcesTestingTaskJunior/au19_bg_1_1_d.png
  artifactKey: Guid(87029a51c791c5046935c63f63d4332e) Importer(815301076,1909f56bfc062723c751e8b465ee728b)
Start importing Assets/ResourcesTestingTaskJunior/au19_bg_1_1_d.png using Guid(87029a51c791c5046935c63f63d4332e) Importer(815301076,1909f56bfc062723c751e8b465ee728b)  -> (artifact id: 'dffc7875153ead1f1be77997ffafb0af') in 0.028018 seconds 
  Import took 0.034724 seconds .

========================================================================
Received Import Request.
  Time since last request: 0.000921 seconds.
  path: Assets/ResourcesTestingTaskJunior/au19_bg_2_8_d.png
  artifactKey: Guid(4f4b290ea43fc5147b95cbf27b2f1ee3) Importer(815301076,1909f56bfc062723c751e8b465ee728b)
Start importing Assets/ResourcesTestingTaskJunior/au19_bg_2_8_d.png using Guid(4f4b290ea43fc5147b95cbf27b2f1ee3) Importer(815301076,1909f56bfc062723c751e8b465ee728b)  -> (artifact id: '6b9c19e104b84765991efcfdc013794b') in 0.025673 seconds 
  Import took 0.034018 seconds .

========================================================================
Received Import Request.
  Time since last request: 0.000233 seconds.
  path: Assets/ResourcesTestingTaskJunior/window_background.png
  artifactKey: Guid(a2c9ba6c4d4bc0548a3b0a7d5d92cfab) Importer(815301076,1909f56bfc062723c751e8b465ee728b)
Start importing Assets/ResourcesTestingTaskJunior/window_background.png using Guid(a2c9ba6c4d4bc0548a3b0a7d5d92cfab) Importer(815301076,1909f56bfc062723c751e8b465ee728b)  -> (artifact id: '1cbecb63b022117d995144f5e40ac960') in 0.034467 seconds 
  Import took 0.040151 seconds .

========================================================================
Received Import Request.
  Time since last request: 0.000391 seconds.
  path: Assets/ResourcesTestingTaskJunior/au19_bg_0_1_d.png
  artifactKey: Guid(84830dc322f2afa4385f8f26f918d9ad) Importer(815301076,1909f56bfc062723c751e8b465ee728b)
Start importing Assets/ResourcesTestingTaskJunior/au19_bg_0_1_d.png using Guid(84830dc322f2afa4385f8f26f918d9ad) Importer(815301076,1909f56bfc062723c751e8b465ee728b)  -> (artifact id: '3f168c57cd6d39208f5110eb3deab0b0') in 0.036921 seconds 
  Import took 0.045012 seconds .

========================================================================
Received Import Request.
  Time since last request: 0.000251 seconds.
  path: Assets/ResourcesTestingTaskJunior/au19_bg_0_2_d.png
  artifactKey: Guid(a9bc93862568f6648bce684000815602) Importer(815301076,1909f56bfc062723c751e8b465ee728b)
Start importing Assets/ResourcesTestingTaskJunior/au19_bg_0_2_d.png using Guid(a9bc93862568f6648bce684000815602) Importer(815301076,1909f56bfc062723c751e8b465ee728b)  -> (artifact id: 'dafeb2ecb379d3d1b749cf91d8575b24') in 0.035394 seconds 
  Import took 0.039708 seconds .

========================================================================
Received Import Request.
  Time since last request: 0.000377 seconds.
  path: Assets/ResourcesTestingTaskJunior/au19_bg_1_3_d.png
  artifactKey: Guid(1eceabd9ce4cd8d4288855306cabfc48) Importer(815301076,1909f56bfc062723c751e8b465ee728b)
Start importing Assets/ResourcesTestingTaskJunior/au19_bg_1_3_d.png using Guid(1eceabd9ce4cd8d4288855306cabfc48) Importer(815301076,1909f56bfc062723c751e8b465ee728b)  -> (artifact id: 'ef34a3a008898b61560fac6c818d3f77') in 0.040935 seconds 
  Import took 0.045981 seconds .

========================================================================
Received Import Request.
  Time since last request: 0.000284 seconds.
  path: Assets/ResourcesTestingTaskJunior/au19_bg_2_0_h.jpg
  artifactKey: Guid(77bd0d05655b37c468fb769283d3eb88) Importer(815301076,1909f56bfc062723c751e8b465ee728b)
Start importing Assets/ResourcesTestingTaskJunior/au19_bg_2_0_h.jpg using Guid(77bd0d05655b37c468fb769283d3eb88) Importer(815301076,1909f56bfc062723c751e8b465ee728b)  -> (artifact id: '8836bd7c6958f54f0ec9ff0b0f9573a0') in 0.038795 seconds 
  Import took 0.044316 seconds .

========================================================================
Received Import Request.
  Time since last request: 0.000268 seconds.
  path: Assets/ResourcesTestingTaskJunior/au19_bg_1_4_d.png
  artifactKey: Guid(f4e515c7a2ea76e4ca7c15c5c6654209) Importer(815301076,1909f56bfc062723c751e8b465ee728b)
Start importing Assets/ResourcesTestingTaskJunior/au19_bg_1_4_d.png using Guid(f4e515c7a2ea76e4ca7c15c5c6654209) Importer(815301076,1909f56bfc062723c751e8b465ee728b)  -> (artifact id: '6fea3d85e780a4780909b7a69ec9d757') in 0.036409 seconds 
  Import took 0.040675 seconds .

========================================================================
Received Import Request.
  Time since last request: 0.000388 seconds.
  path: Assets/ResourcesTestingTaskJunior/au19_bg_0_7_d.png
  artifactKey: Guid(ea792a1c311bee7448110445d8ff5eb0) Importer(815301076,1909f56bfc062723c751e8b465ee728b)
Start importing Assets/ResourcesTestingTaskJunior/au19_bg_0_7_d.png using Guid(ea792a1c311bee7448110445d8ff5eb0) Importer(815301076,1909f56bfc062723c751e8b465ee728b)  -> (artifact id: '878292591cde97e66b123ef716079117') in 0.036021 seconds 
  Import took 0.040718 seconds .

========================================================================
Received Import Request.
  Time since last request: 0.000239 seconds.
  path: Assets/ResourcesTestingTaskJunior/btn_options.png
  artifactKey: Guid(93a132ceafbfd254fa48478561e6c905) Importer(815301076,1909f56bfc062723c751e8b465ee728b)
Start importing Assets/ResourcesTestingTaskJunior/btn_options.png using Guid(93a132ceafbfd254fa48478561e6c905) Importer(815301076,1909f56bfc062723c751e8b465ee728b)  -> (artifact id: '456175fb06fd37a51244e1c9448debdf') in 0.032963 seconds 
  Import took 0.037797 seconds .

========================================================================
Received Import Request.
  Time since last request: 0.000252 seconds.
  path: Assets/ResourcesTestingTaskJunior/ResultJunior.mp4
  artifactKey: Guid(38661b0b1e06e9b4fa9e17db33c2e0d4) Importer(815301076,1909f56bfc062723c751e8b465ee728b)
Start importing Assets/ResourcesTestingTaskJunior/ResultJunior.mp4 using Guid(38661b0b1e06e9b4fa9e17db33c2e0d4) Importer(815301076,1909f56bfc062723c751e8b465ee728b)  -> (artifact id: '45dccf6b22f2a341353e40da969ef774') in 0.023245 seconds 
  Import took 0.029227 seconds .

========================================================================
Received Import Request.
  Time since last request: 0.000251 seconds.
  path: Assets/ResourcesTestingTaskJunior/au19_bg_0_5_d.png
  artifactKey: Guid(50e51850e62174149bc5ae5f2edcc95c) Importer(815301076,1909f56bfc062723c751e8b465ee728b)
Start importing Assets/ResourcesTestingTaskJunior/au19_bg_0_5_d.png using Guid(50e51850e62174149bc5ae5f2edcc95c) Importer(815301076,1909f56bfc062723c751e8b465ee728b)  -> (artifact id: '11fbb442a10de492df1fce2ba51cff49') in 0.031741 seconds 
  Import took 0.039296 seconds .

========================================================================
Received Import Request.
  Time since last request: 0.000299 seconds.
  path: Assets/ResourcesTestingTaskJunior/au19_bg_1_0_d.png
  artifactKey: Guid(9330c4a09bb70ce46927faebb8600be5) Importer(815301076,1909f56bfc062723c751e8b465ee728b)
Start importing Assets/ResourcesTestingTaskJunior/au19_bg_1_0_d.png using Guid(9330c4a09bb70ce46927faebb8600be5) Importer(815301076,1909f56bfc062723c751e8b465ee728b)  -> (artifact id: '5c7a6634aab0f9bce89c8e3b5205cbb9') in 0.033944 seconds 
  Import took 0.038064 seconds .

========================================================================
Received Import Request.
  Time since last request: 0.000228 seconds.
  path: Assets/ResourcesTestingTaskJunior/au19_bg_1_6_d.png
  artifactKey: Guid(4f099aba794c2ac40a8c802ac67f25aa) Importer(815301076,1909f56bfc062723c751e8b465ee728b)
Start importing Assets/ResourcesTestingTaskJunior/au19_bg_1_6_d.png using Guid(4f099aba794c2ac40a8c802ac67f25aa) Importer(815301076,1909f56bfc062723c751e8b465ee728b)  -> (artifact id: '30dce09c5ab3ff3f7da32ccaa844a81a') in 0.037461 seconds 
  Import took 0.044190 seconds .

========================================================================
Received Import Request.
  Time since last request: 0.000336 seconds.
  path: Assets/ResourcesTestingTaskJunior/au19_bg_2_7_d.png
  artifactKey: Guid(00290fa05c76d0b44a01b1be2f5393f0) Importer(815301076,1909f56bfc062723c751e8b465ee728b)
Start importing Assets/ResourcesTestingTaskJunior/au19_bg_2_7_d.png using Guid(00290fa05c76d0b44a01b1be2f5393f0) Importer(815301076,1909f56bfc062723c751e8b465ee728b)  -> (artifact id: 'e9cc81fde9c143078a47cf48486b99c7') in 0.036214 seconds 
  Import took 0.041950 seconds .

========================================================================
Received Import Request.
  Time since last request: 0.000506 seconds.
  path: Assets/ResourcesTestingTaskJunior/au19_bg_2_6_d.png
  artifactKey: Guid(5da6bfb39e9cb2c4e8b642c14c9e5b8e) Importer(815301076,1909f56bfc062723c751e8b465ee728b)
Start importing Assets/ResourcesTestingTaskJunior/au19_bg_2_6_d.png using Guid(5da6bfb39e9cb2c4e8b642c14c9e5b8e) Importer(815301076,1909f56bfc062723c751e8b465ee728b)  -> (artifact id: 'f3cf292a747e3c46017f92fac583c8c6') in 0.035805 seconds 
  Import took 0.044360 seconds .

========================================================================
Received Import Request.
  Time since last request: 0.000251 seconds.
  path: Assets/ResourcesTestingTaskJunior/au19_bg_2_2_d.png
  artifactKey: Guid(b19dbbbe9931f5542a3513bef59dcc61) Importer(815301076,1909f56bfc062723c751e8b465ee728b)
Start importing Assets/ResourcesTestingTaskJunior/au19_bg_2_2_d.png using Guid(b19dbbbe9931f5542a3513bef59dcc61) Importer(815301076,1909f56bfc062723c751e8b465ee728b)  -> (artifact id: 'c2c6a14c08035826e7a148e0be0d12c4') in 0.046314 seconds 
  Import took 0.051363 seconds .

========================================================================
Received Import Request.
  Time since last request: 0.000236 seconds.
  path: Assets/ResourcesTestingTaskJunior/au19_bg_1_2_d.png
  artifactKey: Guid(b79a4788e645fb146b6c2ea1a7df261b) Importer(815301076,1909f56bfc062723c751e8b465ee728b)
Start importing Assets/ResourcesTestingTaskJunior/au19_bg_1_2_d.png using Guid(b79a4788e645fb146b6c2ea1a7df261b) Importer(815301076,1909f56bfc062723c751e8b465ee728b)  -> (artifact id: '7d7fe9cb0fe87f7bc70d03b60a438a49') in 0.027494 seconds 
  Import took 0.033171 seconds .

========================================================================
Received Import Request.
  Time since last request: 0.000245 seconds.
  path: Assets/ResourcesTestingTaskJunior/au19_bg_2_5_d.png
  artifactKey: Guid(d820303e3961d544989052666e820ee9) Importer(815301076,1909f56bfc062723c751e8b465ee728b)
Start importing Assets/ResourcesTestingTaskJunior/au19_bg_2_5_d.png using Guid(d820303e3961d544989052666e820ee9) Importer(815301076,1909f56bfc062723c751e8b465ee728b)  -> (artifact id: '3ebb133408d57531f0b63d5f4ced4bc9') in 0.026982 seconds 
  Import took 0.038467 seconds .

========================================================================
Received Import Request.
  Time since last request: 0.000316 seconds.
  path: Assets/ResourcesTestingTaskJunior/au19_bg_1_7_d.png
  artifactKey: Guid(ca3127f897a42564f8c08ac3cf0c0c5b) Importer(815301076,1909f56bfc062723c751e8b465ee728b)
Start importing Assets/ResourcesTestingTaskJunior/au19_bg_1_7_d.png using Guid(ca3127f897a42564f8c08ac3cf0c0c5b) Importer(815301076,1909f56bfc062723c751e8b465ee728b)  -> (artifact id: '08d71923d07cf279acf3b71435c94054') in 0.028195 seconds 
  Import took 0.032647 seconds .

========================================================================
Received Import Request.
  Time since last request: 0.000409 seconds.
  path: Assets/ResourcesTestingTaskJunior/au19_bg_2_1_d.png
  artifactKey: Guid(2870283a46df1bf43ab62e25fd0aacc0) Importer(815301076,1909f56bfc062723c751e8b465ee728b)
Start importing Assets/ResourcesTestingTaskJunior/au19_bg_2_1_d.png using Guid(2870283a46df1bf43ab62e25fd0aacc0) Importer(815301076,1909f56bfc062723c751e8b465ee728b)  -> (artifact id: 'd17009e58ff03be3e3a45594048c25af') in 0.028964 seconds 
  Import took 0.034515 seconds .

========================================================================
Received Import Request.
  Time since last request: 0.000237 seconds.
  path: Assets/ResourcesTestingTaskJunior/au19_bg_0_8_d.png
  artifactKey: Guid(e3e61dbb24be12a4899b5cd539af3f0e) Importer(815301076,1909f56bfc062723c751e8b465ee728b)
Start importing Assets/ResourcesTestingTaskJunior/au19_bg_0_8_d.png using Guid(e3e61dbb24be12a4899b5cd539af3f0e) Importer(815301076,1909f56bfc062723c751e8b465ee728b)  -> (artifact id: 'e29ca93b20258c97fe0cedc70bc113e0') in 0.019456 seconds 
  Import took 0.024399 seconds .

========================================================================
Received Import Request.
  Time since last request: 0.000254 seconds.
  path: Assets/ResourcesTestingTaskJunior/au19_bg_2_3_d.png
  artifactKey: Guid(a30fc7bf2d2e9234e938ff12362ed65b) Importer(815301076,1909f56bfc062723c751e8b465ee728b)
Start importing Assets/ResourcesTestingTaskJunior/au19_bg_2_3_d.png using Guid(a30fc7bf2d2e9234e938ff12362ed65b) Importer(815301076,1909f56bfc062723c751e8b465ee728b)  -> (artifact id: '956b8272aaecc84aa00f5390e6ce7a9e') in 0.028092 seconds 
  Import took 0.032058 seconds .

========================================================================
Received Import Request.
  Time since last request: 9.805982 seconds.
  path: Assets/ResourcesTestingTaskJunior/testing_views_settings_hard_level.json
  artifactKey: Guid(179882ead92f0be4f9c58193cb93cfb7) Importer(815301076,1909f56bfc062723c751e8b465ee728b)
Start importing Assets/ResourcesTestingTaskJunior/testing_views_settings_hard_level.json using Guid(179882ead92f0be4f9c58193cb93cfb7) Importer(815301076,1909f56bfc062723c751e8b465ee728b)  -> (artifact id: '63f28ef9ed7c2b23898155a6d0cf393d') in 0.018721 seconds 
  Import took 0.023376 seconds .

========================================================================
Received Import Request.
  Time since last request: 0.073607 seconds.
  path: Assets/ResourcesTestingTaskJunior/testing_views_settings_hard_level.json
  artifactKey: Guid(179882ead92f0be4f9c58193cb93cfb7) Importer(815301076,1909f56bfc062723c751e8b465ee728b)
Start importing Assets/ResourcesTestingTaskJunior/testing_views_settings_hard_level.json using Guid(179882ead92f0be4f9c58193cb93cfb7) Importer(815301076,1909f56bfc062723c751e8b465ee728b)  -> (artifact id: '63f28ef9ed7c2b23898155a6d0cf393d') in 0.015344 seconds 
  Import took 0.020385 seconds .

========================================================================
Received Import Request.
  Time since last request: 155.954498 seconds.
  path: Assets
  artifactKey: Guid(00000000000000001000000000000000) Importer(815301076,1909f56bfc062723c751e8b465ee728b)
Start importing Assets using Guid(00000000000000001000000000000000) Importer(815301076,1909f56bfc062723c751e8b465ee728b)  -> (artifact id: '42d402b061de3733987d63b9cc3b64de') in 0.009186 seconds 
  Import took 0.029773 seconds .

========================================================================
Received Import Request.
  Time since last request: 10.694906 seconds.
  path: Assets/Scripts
  artifactKey: Guid(0cb95cee621467640a87f7f663dae9f5) Importer(815301076,1909f56bfc062723c751e8b465ee728b)
Start importing Assets/Scripts using Guid(0cb95cee621467640a87f7f663dae9f5) Importer(815301076,1909f56bfc062723c751e8b465ee728b)  -> (artifact id: '0c4710aae9afa04fb5cfe5d4631c7a0f') in 0.009153 seconds 
  Import took 0.014080 seconds .

========================================================================
Received Import Request.
  Time since last request: 26.221933 seconds.
  path: Assets/Scripts/Map.cs
  artifactKey: Guid(64c602806ab180644a62b21f309cf162) Importer(815301076,1909f56bfc062723c751e8b465ee728b)
Start importing Assets/Scripts/Map.cs using Guid(64c602806ab180644a62b21f309cf162) Importer(815301076,1909f56bfc062723c751e8b465ee728b)  -> (artifact id: '16007ade6abd32eeb745d34029981a7e') in 0.037019 seconds 
  Import took 0.054307 seconds .

========================================================================
Received Prepare
Registering precompiled user dll's ...
Registered in 0.008657 seconds.
Begin MonoManager ReloadAssembly
Native extension for WindowsStandalone target not found
Native extension for WebGL target not found
Refreshing native plugins compatible for Editor in 0.56 ms, found 3 plugins.
Preloading 0 native plugins for Editor in 0.00 ms.
Mono: successfully reloaded assembly
- Completed reload, in  1.557 seconds
Platform modules already initialized, skipping
Refreshing native plugins compatible for Editor in 0.48 ms, found 3 plugins.
Preloading 0 native plugins for Editor in 0.00 ms.
Unloading 2076 Unused Serialized files (Serialized files now loaded: 0)
System memory in use before: 95.8 MB.
System memory in use after: 95.8 MB.

Unloading 21 unused Assets to reduce memory usage. Loaded Objects now: 2530.
Total: 2.616300 ms (FindLiveObjects: 0.222000 ms CreateObjectMapping: 0.137500 ms MarkObjects: 2.127200 ms  DeleteObjects: 0.128100 ms)

AssetImportParameters requested are different than current active one (requested -> active):
  custom:framework-win-MediaFoundation: 216162199b28c13a410421893ffa2e32 -> 
  custom:video-decoder-ogg-theora: a1e56fd34408186e4bbccfd4996cb3dc -> 
  custom:container-muxer-webm: aa71ff27fc2769a1b78a27578f13a17b -> 
  custom:container-demuxer-webm: 4f35f7cbe854078d1ac9338744f61a02 -> 
  custom:container-demuxer-ogg: 62fdf1f143b41e24485cea50d1cbac27 -> 
  custom:video-encoder-webm-vp8: eb34c28f22e8b96e1ab97ce403110664 -> 
  custom:video-decoder-webm-vp8: 9c59270c3fd7afecdb556c50c9e8de78 -> 
  custom:audio-decoder-ogg-vorbis: bf7c407c2cedff20999df2af8eb42d56 -> 
  custom:audio-encoder-webm-vorbis: bf7c407c2cedff20999df2af8eb42d56 -> 
========================================================================
Received Import Request.
  Time since last request: 68.132255 seconds.
  path: Assets/TestingTaskJunior
  artifactKey: Guid(c4ed76871e353e348a8276eb565de1c8) Importer(815301076,1909f56bfc062723c751e8b465ee728b)
Start importing Assets/TestingTaskJunior using Guid(c4ed76871e353e348a8276eb565de1c8) Importer(815301076,1909f56bfc062723c751e8b465ee728b)  -> (artifact id: '3e3b300cfc9af17cc8dc6cc9ba0f103b') in 0.017198 seconds 
  Import took 0.028893 seconds .

========================================================================
Received Prepare
Registering precompiled user dll's ...
Registered in 0.009306 seconds.
Begin MonoManager ReloadAssembly
Native extension for WindowsStandalone target not found
Native extension for WebGL target not found
Refreshing native plugins compatible for Editor in 0.83 ms, found 3 plugins.
Preloading 0 native plugins for Editor in 0.00 ms.
Mono: successfully reloaded assembly
- Completed reload, in  1.374 seconds
Platform modules already initialized, skipping
Refreshing native plugins compatible for Editor in 0.49 ms, found 3 plugins.
Preloading 0 native plugins for Editor in 0.00 ms.
Unloading 2076 Unused Serialized files (Serialized files now loaded: 0)
System memory in use before: 95.9 MB.
System memory in use after: 95.9 MB.

Unloading 21 unused Assets to reduce memory usage. Loaded Objects now: 2534.
Total: 2.970700 ms (FindLiveObjects: 0.350300 ms CreateObjectMapping: 0.361600 ms MarkObjects: 2.127300 ms  DeleteObjects: 0.129600 ms)

AssetImportParameters requested are different than current active one (requested -> active):
  custom:framework-win-MediaFoundation: 216162199b28c13a410421893ffa2e32 -> 
  custom:video-decoder-ogg-theora: a1e56fd34408186e4bbccfd4996cb3dc -> 
  custom:container-muxer-webm: aa71ff27fc2769a1b78a27578f13a17b -> 
  custom:container-demuxer-webm: 4f35f7cbe854078d1ac9338744f61a02 -> 
  custom:container-demuxer-ogg: 62fdf1f143b41e24485cea50d1cbac27 -> 
  custom:video-encoder-webm-vp8: eb34c28f22e8b96e1ab97ce403110664 -> 
  custom:video-decoder-webm-vp8: 9c59270c3fd7afecdb556c50c9e8de78 -> 
  custom:audio-decoder-ogg-vorbis: bf7c407c2cedff20999df2af8eb42d56 -> 
  custom:audio-encoder-webm-vorbis: bf7c407c2cedff20999df2af8eb42d56 -> 
========================================================================
Received Prepare
Registering precompiled user dll's ...
Registered in 0.009158 seconds.
Begin MonoManager ReloadAssembly
Native extension for WindowsStandalone target not found
Native extension for WebGL target not found
Refreshing native plugins compatible for Editor in 0.46 ms, found 3 plugins.
Preloading 0 native plugins for Editor in 0.00 ms.
Mono: successfully reloaded assembly
- Completed reload, in  1.310 seconds
Platform modules already initialized, skipping
Refreshing native plugins compatible for Editor in 0.44 ms, found 3 plugins.
Preloading 0 native plugins for Editor in 0.00 ms.
Unloading 2076 Unused Serialized files (Serialized files now loaded: 0)
System memory in use before: 95.9 MB.
System memory in use after: 95.9 MB.

Unloading 21 unused Assets to reduce memory usage. Loaded Objects now: 2538.
Total: 2.361800 ms (FindLiveObjects: 0.188000 ms CreateObjectMapping: 0.095700 ms MarkObjects: 1.955400 ms  DeleteObjects: 0.121300 ms)

AssetImportParameters requested are different than current active one (requested -> active):
  custom:framework-win-MediaFoundation: 216162199b28c13a410421893ffa2e32 -> 
  custom:video-decoder-ogg-theora: a1e56fd34408186e4bbccfd4996cb3dc -> 
  custom:container-muxer-webm: aa71ff27fc2769a1b78a27578f13a17b -> 
  custom:container-demuxer-webm: 4f35f7cbe854078d1ac9338744f61a02 -> 
  custom:container-demuxer-ogg: 62fdf1f143b41e24485cea50d1cbac27 -> 
  custom:video-encoder-webm-vp8: eb34c28f22e8b96e1ab97ce403110664 -> 
  custom:video-decoder-webm-vp8: 9c59270c3fd7afecdb556c50c9e8de78 -> 
  custom:audio-decoder-ogg-vorbis: bf7c407c2cedff20999df2af8eb42d56 -> 
  custom:audio-encoder-webm-vorbis: bf7c407c2cedff20999df2af8eb42d56 -> 
========================================================================
Received Import Request.
  Time since last request: 224.703294 seconds.
  path: Assets/TestingTaskJunior/Scripts/Map.cs
  artifactKey: Guid(64c602806ab180644a62b21f309cf162) Importer(815301076,1909f56bfc062723c751e8b465ee728b)
Start importing Assets/TestingTaskJunior/Scripts/Map.cs using Guid(64c602806ab180644a62b21f309cf162) Importer(815301076,1909f56bfc062723c751e8b465ee728b)  -> (artifact id: '04a18253045f1bc55d2ffd24f59f8b0d') in 0.007270 seconds 
  Import took 0.010781 seconds .

========================================================================
Received Prepare
Registering precompiled user dll's ...
Registered in 0.010787 seconds.
Begin MonoManager ReloadAssembly
Native extension for WindowsStandalone target not found
Native extension for WebGL target not found
Refreshing native plugins compatible for Editor in 0.47 ms, found 3 plugins.
Preloading 0 native plugins for Editor in 0.00 ms.
Mono: successfully reloaded assembly
- Completed reload, in  1.304 seconds
Platform modules already initialized, skipping
Refreshing native plugins compatible for Editor in 0.85 ms, found 3 plugins.
Preloading 0 native plugins for Editor in 0.00 ms.
Unloading 2076 Unused Serialized files (Serialized files now loaded: 0)
System memory in use before: 95.9 MB.
System memory in use after: 95.9 MB.

Unloading 21 unused Assets to reduce memory usage. Loaded Objects now: 2542.
Total: 2.927500 ms (FindLiveObjects: 0.208500 ms CreateObjectMapping: 0.122400 ms MarkObjects: 2.459000 ms  DeleteObjects: 0.135500 ms)

AssetImportParameters requested are different than current active one (requested -> active):
  custom:framework-win-MediaFoundation: 216162199b28c13a410421893ffa2e32 -> 
  custom:video-decoder-ogg-theora: a1e56fd34408186e4bbccfd4996cb3dc -> 
  custom:container-muxer-webm: aa71ff27fc2769a1b78a27578f13a17b -> 
  custom:container-demuxer-webm: 4f35f7cbe854078d1ac9338744f61a02 -> 
  custom:container-demuxer-ogg: 62fdf1f143b41e24485cea50d1cbac27 -> 
  custom:video-encoder-webm-vp8: eb34c28f22e8b96e1ab97ce403110664 -> 
  custom:video-decoder-webm-vp8: 9c59270c3fd7afecdb556c50c9e8de78 -> 
  custom:audio-decoder-ogg-vorbis: bf7c407c2cedff20999df2af8eb42d56 -> 
  custom:audio-encoder-webm-vorbis: bf7c407c2cedff20999df2af8eb42d56 -> 
========================================================================
Received Import Request.
  Time since last request: 107.792418 seconds.
  path: Assets/TestingTaskJunior/ResourcesTestingTaskJunior/testing_views_settings_normal_level.json
  artifactKey: Guid(f2edf1e05e94eac44885f65e8009c72d) Importer(815301076,1909f56bfc062723c751e8b465ee728b)
Start importing Assets/TestingTaskJunior/ResourcesTestingTaskJunior/testing_views_settings_normal_level.json using Guid(f2edf1e05e94eac44885f65e8009c72d) Importer(815301076,1909f56bfc062723c751e8b465ee728b)  -> (artifact id: '42d9d152a48b648bbf2c505e397af947') in 0.024771 seconds 
  Import took 0.028702 seconds .

========================================================================
Received Import Request.
  Time since last request: 57.568353 seconds.
  path: Assets/TestingTaskJunior/Scripts/MapCell.cs
  artifactKey: Guid(3b2cce09cf7488744ab3e526eb5e9f89) Importer(815301076,1909f56bfc062723c751e8b465ee728b)
Start importing Assets/TestingTaskJunior/Scripts/MapCell.cs using Guid(3b2cce09cf7488744ab3e526eb5e9f89) Importer(815301076,1909f56bfc062723c751e8b465ee728b)  -> (artifact id: '5e5ecd77673848130218b723147205c8') in 0.034677 seconds 
  Import took 0.061282 seconds .

========================================================================
Received Prepare
Registering precompiled user dll's ...
Registered in 0.017089 seconds.
Begin MonoManager ReloadAssembly
Native extension for WindowsStandalone target not found
Native extension for WebGL target not found
Refreshing native plugins compatible for Editor in 0.52 ms, found 3 plugins.
Preloading 0 native plugins for Editor in 0.00 ms.
Mono: successfully reloaded assembly
- Completed reload, in  1.357 seconds
Platform modules already initialized, skipping
Refreshing native plugins compatible for Editor in 0.50 ms, found 3 plugins.
Preloading 0 native plugins for Editor in 0.00 ms.
Unloading 2077 Unused Serialized files (Serialized files now loaded: 0)
System memory in use before: 95.9 MB.
System memory in use after: 95.9 MB.

Unloading 21 unused Assets to reduce memory usage. Loaded Objects now: 2547.
Total: 2.762400 ms (FindLiveObjects: 0.231000 ms CreateObjectMapping: 0.158400 ms MarkObjects: 2.209900 ms  DeleteObjects: 0.161300 ms)

AssetImportParameters requested are different than current active one (requested -> active):
  custom:framework-win-MediaFoundation: 216162199b28c13a410421893ffa2e32 -> 
  custom:video-decoder-ogg-theora: a1e56fd34408186e4bbccfd4996cb3dc -> 
  custom:container-muxer-webm: aa71ff27fc2769a1b78a27578f13a17b -> 
  custom:container-demuxer-webm: 4f35f7cbe854078d1ac9338744f61a02 -> 
  custom:container-demuxer-ogg: 62fdf1f143b41e24485cea50d1cbac27 -> 
  custom:video-encoder-webm-vp8: eb34c28f22e8b96e1ab97ce403110664 -> 
  custom:video-decoder-webm-vp8: 9c59270c3fd7afecdb556c50c9e8de78 -> 
  custom:audio-decoder-ogg-vorbis: bf7c407c2cedff20999df2af8eb42d56 -> 
  custom:audio-encoder-webm-vorbis: bf7c407c2cedff20999df2af8eb42d56 -> 
========================================================================
Received Prepare
Registering precompiled user dll's ...
Registered in 0.010528 seconds.
Begin MonoManager ReloadAssembly
Native extension for WindowsStandalone target not found
Native extension for WebGL target not found
Refreshing native plugins compatible for Editor in 0.81 ms, found 3 plugins.
Preloading 0 native plugins for Editor in 0.00 ms.
Mono: successfully reloaded assembly
- Completed reload, in  1.273 seconds
Platform modules already initialized, skipping
Refreshing native plugins compatible for Editor in 0.60 ms, found 3 plugins.
Preloading 0 native plugins for Editor in 0.00 ms.
Unloading 2077 Unused Serialized files (Serialized files now loaded: 0)
System memory in use before: 96.0 MB.
System memory in use after: 95.9 MB.

Unloading 21 unused Assets to reduce memory usage. Loaded Objects now: 2551.
Total: 2.597400 ms (FindLiveObjects: 0.248500 ms CreateObjectMapping: 0.104800 ms MarkObjects: 2.122400 ms  DeleteObjects: 0.120300 ms)

AssetImportParameters requested are different than current active one (requested -> active):
  custom:framework-win-MediaFoundation: 216162199b28c13a410421893ffa2e32 -> 
  custom:video-decoder-ogg-theora: a1e56fd34408186e4bbccfd4996cb3dc -> 
  custom:container-muxer-webm: aa71ff27fc2769a1b78a27578f13a17b -> 
  custom:container-demuxer-webm: 4f35f7cbe854078d1ac9338744f61a02 -> 
  custom:container-demuxer-ogg: 62fdf1f143b41e24485cea50d1cbac27 -> 
  custom:video-encoder-webm-vp8: eb34c28f22e8b96e1ab97ce403110664 -> 
  custom:video-decoder-webm-vp8: 9c59270c3fd7afecdb556c50c9e8de78 -> 
  custom:audio-decoder-ogg-vorbis: bf7c407c2cedff20999df2af8eb42d56 -> 
  custom:audio-encoder-webm-vorbis: bf7c407c2cedff20999df2af8eb42d56 -> 
========================================================================
Received Import Request.
  Time since last request: 403.297582 seconds.
  path: Assets/TestingTaskJunior/Scripts/MapCell.cs
  artifactKey: Guid(3b2cce09cf7488744ab3e526eb5e9f89) Importer(815301076,1909f56bfc062723c751e8b465ee728b)
Start importing Assets/TestingTaskJunior/Scripts/MapCell.cs using Guid(3b2cce09cf7488744ab3e526eb5e9f89) Importer(815301076,1909f56bfc062723c751e8b465ee728b)  -> (artifact id: '39e3b82a5b336eadb82fa41d49f3fd73') in 0.010102 seconds 
  Import took 0.019494 seconds .

========================================================================
Received Prepare
Registering precompiled user dll's ...
Registered in 0.014816 seconds.
Begin MonoManager ReloadAssembly
Native extension for WindowsStandalone target not found
Native extension for WebGL target not found
Refreshing native plugins compatible for Editor in 0.63 ms, found 3 plugins.
Preloading 0 native plugins for Editor in 0.00 ms.
Mono: successfully reloaded assembly
- Completed reload, in  1.916 seconds
Platform modules already initialized, skipping
Refreshing native plugins compatible for Editor in 0.61 ms, found 3 plugins.
Preloading 0 native plugins for Editor in 0.00 ms.
Unloading 2077 Unused Serialized files (Serialized files now loaded: 0)
System memory in use before: 96.0 MB.
System memory in use after: 96.0 MB.

Unloading 21 unused Assets to reduce memory usage. Loaded Objects now: 2555.
Total: 3.673200 ms (FindLiveObjects: 0.285700 ms CreateObjectMapping: 0.279400 ms MarkObjects: 2.979000 ms  DeleteObjects: 0.127000 ms)

AssetImportParameters requested are different than current active one (requested -> active):
  custom:framework-win-MediaFoundation: 216162199b28c13a410421893ffa2e32 -> 
  custom:video-decoder-ogg-theora: a1e56fd34408186e4bbccfd4996cb3dc -> 
  custom:container-muxer-webm: aa71ff27fc2769a1b78a27578f13a17b -> 
  custom:container-demuxer-webm: 4f35f7cbe854078d1ac9338744f61a02 -> 
  custom:container-demuxer-ogg: 62fdf1f143b41e24485cea50d1cbac27 -> 
  custom:video-encoder-webm-vp8: eb34c28f22e8b96e1ab97ce403110664 -> 
  custom:video-decoder-webm-vp8: 9c59270c3fd7afecdb556c50c9e8de78 -> 
  custom:audio-decoder-ogg-vorbis: bf7c407c2cedff20999df2af8eb42d56 -> 
  custom:audio-encoder-webm-vorbis: bf7c407c2cedff20999df2af8eb42d56 -> 
========================================================================
Received Prepare
Registering precompiled user dll's ...
Registered in 0.009629 seconds.
Begin MonoManager ReloadAssembly
Native extension for WindowsStandalone target not found
Native extension for WebGL target not found
Refreshing native plugins compatible for Editor in 0.47 ms, found 3 plugins.
Preloading 0 native plugins for Editor in 0.00 ms.
Mono: successfully reloaded assembly
- Completed reload, in  1.235 seconds
Platform modules already initialized, skipping
Refreshing native plugins compatible for Editor in 0.47 ms, found 3 plugins.
Preloading 0 native plugins for Editor in 0.00 ms.
Unloading 2077 Unused Serialized files (Serialized files now loaded: 0)
System memory in use before: 96.0 MB.
System memory in use after: 96.0 MB.

Unloading 21 unused Assets to reduce memory usage. Loaded Objects now: 2559.
Total: 3.247300 ms (FindLiveObjects: 0.281200 ms CreateObjectMapping: 0.229300 ms MarkObjects: 2.604800 ms  DeleteObjects: 0.130200 ms)

AssetImportParameters requested are different than current active one (requested -> active):
  custom:framework-win-MediaFoundation: 216162199b28c13a410421893ffa2e32 -> 
  custom:video-decoder-ogg-theora: a1e56fd34408186e4bbccfd4996cb3dc -> 
  custom:container-muxer-webm: aa71ff27fc2769a1b78a27578f13a17b -> 
  custom:container-demuxer-webm: 4f35f7cbe854078d1ac9338744f61a02 -> 
  custom:container-demuxer-ogg: 62fdf1f143b41e24485cea50d1cbac27 -> 
  custom:video-encoder-webm-vp8: eb34c28f22e8b96e1ab97ce403110664 -> 
  custom:video-decoder-webm-vp8: 9c59270c3fd7afecdb556c50c9e8de78 -> 
  custom:audio-decoder-ogg-vorbis: bf7c407c2cedff20999df2af8eb42d56 -> 
  custom:audio-encoder-webm-vorbis: bf7c407c2cedff20999df2af8eb42d56 -> 
========================================================================
Received Import Request.
  Time since last request: 117.468389 seconds.
  path: Assets/TestingTaskJunior/Scripts/MapCell.cs
  artifactKey: Guid(3b2cce09cf7488744ab3e526eb5e9f89) Importer(815301076,1909f56bfc062723c751e8b465ee728b)
Start importing Assets/TestingTaskJunior/Scripts/MapCell.cs using Guid(3b2cce09cf7488744ab3e526eb5e9f89) Importer(815301076,1909f56bfc062723c751e8b465ee728b)  -> (artifact id: '1b16c792da14346280a657ac6b36a7e4') in 0.012518 seconds 
  Import took 0.029712 seconds .

========================================================================
Received Prepare
Registering precompiled user dll's ...
Registered in 0.008205 seconds.
Begin MonoManager ReloadAssembly
Native extension for WindowsStandalone target not found
Native extension for WebGL target not found
Refreshing native plugins compatible for Editor in 0.51 ms, found 3 plugins.
Preloading 0 native plugins for Editor in 0.00 ms.
Mono: successfully reloaded assembly
- Completed reload, in  2.262 seconds
Platform modules already initialized, skipping
Refreshing native plugins compatible for Editor in 0.81 ms, found 3 plugins.
Preloading 0 native plugins for Editor in 0.00 ms.
Unloading 2076 Unused Serialized files (Serialized files now loaded: 0)
System memory in use before: 96.0 MB.
System memory in use after: 96.0 MB.

Unloading 22 unused Assets to reduce memory usage. Loaded Objects now: 2562.
Total: 4.051700 ms (FindLiveObjects: 0.250200 ms CreateObjectMapping: 0.103400 ms MarkObjects: 3.522500 ms  DeleteObjects: 0.173700 ms)

AssetImportParameters requested are different than current active one (requested -> active):
  custom:framework-win-MediaFoundation: 216162199b28c13a410421893ffa2e32 -> 
  custom:video-decoder-ogg-theora: a1e56fd34408186e4bbccfd4996cb3dc -> 
  custom:container-muxer-webm: aa71ff27fc2769a1b78a27578f13a17b -> 
  custom:container-demuxer-webm: 4f35f7cbe854078d1ac9338744f61a02 -> 
  custom:container-demuxer-ogg: 62fdf1f143b41e24485cea50d1cbac27 -> 
  custom:video-encoder-webm-vp8: eb34c28f22e8b96e1ab97ce403110664 -> 
  custom:video-decoder-webm-vp8: 9c59270c3fd7afecdb556c50c9e8de78 -> 
  custom:audio-decoder-ogg-vorbis: bf7c407c2cedff20999df2af8eb42d56 -> 
  custom:audio-encoder-webm-vorbis: bf7c407c2cedff20999df2af8eb42d56 -> 
========================================================================
Received Import Request.
  Time since last request: 17.046604 seconds.
  path: Assets/TestingTaskJunior/Scripts/Map.cs
  artifactKey: Guid(64c602806ab180644a62b21f309cf162) Importer(815301076,1909f56bfc062723c751e8b465ee728b)
Start importing Assets/TestingTaskJunior/Scripts/Map.cs using Guid(64c602806ab180644a62b21f309cf162) Importer(815301076,1909f56bfc062723c751e8b465ee728b)  -> (artifact id: '6c15587560c83e33a8b4b567d3772e46') in 0.970031 seconds 
  Import took 0.981246 seconds .

========================================================================
Received Import Request.
  Time since last request: 0.000614 seconds.
  path: Assets/TestingTaskJunior/Scripts/Map.cs
  artifactKey: Guid(64c602806ab180644a62b21f309cf162) Importer(815301076,1909f56bfc062723c751e8b465ee728b)
Start importing Assets/TestingTaskJunior/Scripts/Map.cs using Guid(64c602806ab180644a62b21f309cf162) Importer(815301076,1909f56bfc062723c751e8b465ee728b)  -> (artifact id: '6c15587560c83e33a8b4b567d3772e46') in 0.015901 seconds 
  Import took 0.090691 seconds .

AssetImportWorkerClient::OnTransportError - code=2 error=End of file
